Dataset: ETTh1
Arguments: Namespace(batch_size=8, dataset='ETTh1', epochs=None, eval=False, gpu=0, irregular=0, iters=None, loader='forecast_csv_univar', lr=0.001, max_threads=None, max_train_length=3000, output_dir='./output/', repr_dims=320, save_every=None, seed=None, train_model_name='etth1_univar.pdparams')
Loading data... done
./output/
Epoch #0: loss=10.946500778198242
Epoch #1: loss=10.626564979553223
Epoch #2: loss=5.417462348937988
Epoch #3: loss=4.292096138000488
Epoch #4: loss=3.9265990257263184
Epoch #5: loss=3.4489941596984863
Epoch #6: loss=2.690422773361206
Epoch #7: loss=3.190337657928467
Epoch #8: loss=3.0844802856445312
Epoch #9: loss=3.0716617107391357
Epoch #10: loss=2.9112117290496826
Epoch #11: loss=3.0964322090148926
Epoch #12: loss=2.7599234580993652
Epoch #13: loss=2.1596856117248535
Epoch #14: loss=2.8781442642211914
Epoch #15: loss=2.6673583984375
Epoch #16: loss=2.751328229904175
Epoch #17: loss=2.880497694015503
Epoch #18: loss=2.7848339080810547
Epoch #19: loss=2.6783275604248047
Epoch #20: loss=2.740278959274292
Epoch #21: loss=3.3383328914642334
Epoch #22: loss=2.768871784210205
Epoch #23: loss=2.8213231563568115
Epoch #24: loss=2.458791732788086
Epoch #25: loss=2.452470064163208
Epoch #26: loss=2.8620765209198
Epoch #27: loss=2.9636788368225098
Epoch #28: loss=2.896411418914795
Epoch #29: loss=2.4455955028533936
Epoch #30: loss=2.7859020233154297
Epoch #31: loss=2.4617819786071777
Epoch #32: loss=2.7887637615203857
Epoch #33: loss=2.8030014038085938
Epoch #34: loss=2.8163938522338867
Epoch #35: loss=2.8477962017059326
Epoch #36: loss=2.63603138923645
Epoch #37: loss=2.859349012374878
Epoch #38: loss=2.748868703842163
Epoch #39: loss=2.7896835803985596
Epoch #40: loss=2.7634401321411133
Epoch #41: loss=2.588549852371216
Epoch #42: loss=2.882504463195801
Epoch #43: loss=2.8554680347442627
Epoch #44: loss=1.751295804977417
Epoch #45: loss=2.6830878257751465
Epoch #46: loss=2.8968350887298584
Epoch #47: loss=2.743751049041748
Epoch #48: loss=2.3199098110198975
Epoch #49: loss=2.8758325576782227
Epoch #50: loss=2.604130506515503
Epoch #51: loss=2.6303751468658447
Epoch #52: loss=2.5169756412506104
Epoch #53: loss=2.7885639667510986
Epoch #54: loss=2.7212181091308594
Epoch #55: loss=2.6661744117736816
Epoch #56: loss=2.3809831142425537
Epoch #57: loss=2.8486413955688477
Epoch #58: loss=2.809506893157959
Epoch #59: loss=2.4290764331817627
Epoch #60: loss=2.7878711223602295
Epoch #61: loss=2.210649251937866
Epoch #62: loss=2.774615526199341
Epoch #63: loss=1.8481433391571045
Epoch #64: loss=2.2565908432006836
Epoch #65: loss=2.4796133041381836
Epoch #66: loss=2.7789716720581055
Epoch #67: loss=2.853410243988037
Epoch #68: loss=2.81219744682312
Epoch #69: loss=2.7623090744018555
Epoch #70: loss=2.7611684799194336
Epoch #71: loss=2.7884185314178467
Epoch #72: loss=2.568556547164917
Epoch #73: loss=2.73209547996521
Epoch #74: loss=2.797422170639038
Epoch #75: loss=2.8697381019592285
Epoch #76: loss=2.84976863861084
Epoch #77: loss=1.9111799001693726
Epoch #78: loss=2.578964948654175
Epoch #79: loss=2.390437602996826
Epoch #80: loss=2.8469882011413574
Epoch #81: loss=2.262688398361206
Epoch #82: loss=2.6021835803985596
Epoch #83: loss=2.8103713989257812
Epoch #84: loss=2.259896993637085
Epoch #85: loss=2.8299753665924072
Epoch #86: loss=2.519000291824341
Epoch #87: loss=2.7488975524902344
Epoch #88: loss=2.7595152854919434
Epoch #89: loss=2.5834603309631348
Epoch #90: loss=2.784331798553467
Epoch #91: loss=2.7482428550720215
Epoch #92: loss=2.780433177947998
Epoch #93: loss=2.829049825668335
Epoch #94: loss=2.702028512954712
Epoch #95: loss=2.3000030517578125
Epoch #96: loss=2.687002420425415
Epoch #97: loss=2.6392765045166016
Epoch #98: loss=2.8032643795013428
Epoch #99: loss=2.757939577102661
Epoch #100: loss=2.798705816268921
Epoch #101: loss=2.701707363128662
Epoch #102: loss=2.803269386291504
Epoch #103: loss=2.847130060195923
Epoch #104: loss=2.79192852973938
Epoch #105: loss=2.658522367477417
Epoch #106: loss=2.642023801803589
Epoch #107: loss=2.902233123779297
Epoch #108: loss=2.668295383453369
Epoch #109: loss=2.777350902557373
Epoch #110: loss=2.656893014907837
Epoch #111: loss=2.2360897064208984
Epoch #112: loss=2.296910524368286
Epoch #113: loss=2.2991557121276855
Epoch #114: loss=2.3901243209838867
Epoch #115: loss=2.563683271408081
Epoch #116: loss=2.8369522094726562
Epoch #117: loss=2.3361828327178955
Epoch #118: loss=2.335496425628662
Epoch #119: loss=2.761472702026367
Epoch #120: loss=2.8336856365203857
Epoch #121: loss=2.433377742767334
Epoch #122: loss=2.665447950363159
Epoch #123: loss=2.7770750522613525
Epoch #124: loss=2.3905293941497803
Epoch #125: loss=2.8648648262023926
Epoch #126: loss=2.3909971714019775
Epoch #127: loss=2.781327724456787
Epoch #128: loss=2.865990400314331
Epoch #129: loss=2.8481369018554688
Epoch #130: loss=2.6568851470947266
Epoch #131: loss=2.5950942039489746
Epoch #132: loss=2.775087833404541
Epoch #133: loss=2.829801082611084
Epoch #134: loss=2.5822198390960693
Epoch #135: loss=2.5698487758636475
Epoch #136: loss=2.664154291152954
Epoch #137: loss=2.843381404876709
Epoch #138: loss=1.7265312671661377
Epoch #139: loss=2.6037216186523438
Epoch #140: loss=2.6150715351104736
Epoch #141: loss=2.6613197326660156
Epoch #142: loss=2.8448729515075684
Epoch #143: loss=2.5940842628479004
Epoch #144: loss=2.616617202758789
Epoch #145: loss=2.747624635696411
Epoch #146: loss=2.872438430786133
Epoch #147: loss=2.8725099563598633
Epoch #148: loss=2.206974744796753
Epoch #149: loss=1.6479381322860718
Epoch #150: loss=2.7557811737060547
Epoch #151: loss=2.403322219848633
Epoch #152: loss=2.512540578842163
Epoch #153: loss=2.759380340576172
Epoch #154: loss=2.203732490539551
Epoch #155: loss=2.645491600036621
Epoch #156: loss=2.0747323036193848
Epoch #157: loss=2.789374828338623
Epoch #158: loss=2.8366193771362305
Epoch #159: loss=2.774552345275879
Epoch #160: loss=2.6573638916015625
Epoch #161: loss=2.872636318206787
Epoch #162: loss=2.6010758876800537
Epoch #163: loss=2.724795341491699
Epoch #164: loss=2.6793882846832275
Epoch #165: loss=2.7958571910858154
Epoch #166: loss=2.8336079120635986
Epoch #167: loss=2.8267598152160645
Epoch #168: loss=2.471336841583252
Epoch #169: loss=2.809541702270508
Epoch #170: loss=2.7389068603515625
Epoch #171: loss=2.566546678543091
Epoch #172: loss=2.840894937515259
Epoch #173: loss=2.444959878921509
Epoch #174: loss=2.8474245071411133
Epoch #175: loss=2.819969892501831
Epoch #176: loss=2.8116464614868164
Epoch #177: loss=2.234210729598999
Epoch #178: loss=2.7570948600769043
Epoch #179: loss=2.8269460201263428
Epoch #180: loss=2.811537504196167
Epoch #181: loss=2.755458354949951
Epoch #182: loss=2.8564586639404297
Epoch #183: loss=2.7791879177093506
Epoch #184: loss=2.7270760536193848
Epoch #185: loss=2.7493653297424316
Epoch #186: loss=2.5528228282928467
Epoch #187: loss=1.7534688711166382
Epoch #188: loss=2.4190032482147217
Epoch #189: loss=2.832134246826172
Epoch #190: loss=2.7456068992614746
Epoch #191: loss=2.282785177230835
Epoch #192: loss=2.745187282562256
Epoch #193: loss=2.841231107711792
Epoch #194: loss=2.8304717540740967
Epoch #195: loss=2.747887134552002
Epoch #196: loss=2.3116047382354736
Epoch #197: loss=1.2344906330108643
Epoch #198: loss=2.7309718132019043
Epoch #199: loss=2.663341522216797
Dataset: ETTm1
Arguments: Namespace(batch_size=8, dataset='ETTm1', epochs=200, eval=False, gpu=0, irregular=0, iters=None, loader='forecast_csv_univar', lr=0.001, max_threads=None, max_train_length=3000, output_dir='./output/', repr_dims=320, save_every=None, seed=None, train_model_name='ettm1_univar.pdparams')
Loading data... done
./output/
Epoch #0: loss=22.89695167541504
Epoch #1: loss=12.963860511779785
Epoch #2: loss=8.452371597290039
Epoch #3: loss=6.654104232788086
Epoch #4: loss=6.505072593688965
Epoch #5: loss=5.529458999633789
Epoch #6: loss=4.222512722015381
Epoch #7: loss=4.16903829574585
Epoch #8: loss=3.536524534225464
Epoch #9: loss=3.598754405975342
Epoch #10: loss=3.5251760482788086
Epoch #11: loss=3.8250653743743896
Epoch #12: loss=3.8392863273620605
Epoch #13: loss=3.793916940689087
Epoch #14: loss=3.754514217376709
Epoch #15: loss=3.52201509475708
Epoch #16: loss=3.8261852264404297
Epoch #17: loss=3.6069295406341553
Epoch #18: loss=3.497865915298462
Epoch #19: loss=3.6812057495117188
Epoch #20: loss=2.6279172897338867
Epoch #21: loss=3.6882503032684326
Epoch #22: loss=3.7474894523620605
Epoch #23: loss=3.096734046936035
Epoch #24: loss=3.6918838024139404
Epoch #25: loss=3.686976909637451
Epoch #26: loss=3.7075095176696777
Epoch #27: loss=3.549654722213745
Epoch #28: loss=3.726797580718994
Epoch #29: loss=3.612750768661499
Epoch #30: loss=3.6280293464660645
Epoch #31: loss=3.6283626556396484
Epoch #32: loss=3.334665536880493
Epoch #33: loss=3.6951587200164795
Epoch #34: loss=3.4615209102630615
Epoch #35: loss=3.7175064086914062
Epoch #36: loss=3.7099428176879883
Epoch #37: loss=3.6537771224975586
Epoch #38: loss=3.673659324645996
Epoch #39: loss=3.323737382888794
Epoch #40: loss=3.49920654296875
Epoch #41: loss=2.6175594329833984
Epoch #42: loss=3.5371909141540527
Epoch #43: loss=3.6869120597839355
Epoch #44: loss=3.610647201538086
Epoch #45: loss=3.428179979324341
Epoch #46: loss=3.494084596633911
Epoch #47: loss=3.5925021171569824
Epoch #48: loss=3.615248680114746
Epoch #49: loss=3.4555296897888184
Epoch #50: loss=3.6597039699554443
Epoch #51: loss=3.310427188873291
Epoch #52: loss=3.583787441253662
Epoch #53: loss=3.6842308044433594
Epoch #54: loss=3.6916298866271973
Epoch #55: loss=3.575792074203491
Epoch #56: loss=3.634216070175171
Epoch #57: loss=3.4528775215148926
Epoch #58: loss=2.9179060459136963
Epoch #59: loss=3.579700469970703
Epoch #60: loss=3.0729801654815674
Epoch #61: loss=3.6908035278320312
Epoch #62: loss=3.5854432582855225
Epoch #63: loss=3.6545233726501465
Epoch #64: loss=3.581535816192627
Epoch #65: loss=3.0901966094970703
Epoch #66: loss=3.6164233684539795
Epoch #67: loss=3.1400482654571533
Epoch #68: loss=3.5755221843719482
Epoch #69: loss=3.6570587158203125
Epoch #70: loss=3.591073989868164
Epoch #71: loss=3.5742688179016113
Epoch #72: loss=3.691098690032959
Epoch #73: loss=3.6733479499816895
Epoch #74: loss=3.452702045440674
Epoch #75: loss=3.5183844566345215
Epoch #76: loss=3.6173527240753174
Epoch #77: loss=3.680302143096924
Epoch #78: loss=3.671816825866699
Epoch #79: loss=3.2223808765411377
Epoch #80: loss=3.6060702800750732
Epoch #81: loss=3.1217198371887207
Epoch #82: loss=3.666395902633667
Epoch #83: loss=3.2549004554748535
Epoch #84: loss=3.5766334533691406
Epoch #85: loss=3.624164581298828
Epoch #86: loss=3.582425117492676
Epoch #87: loss=3.14890193939209
Epoch #88: loss=3.6112401485443115
Epoch #89: loss=3.528587818145752
Epoch #90: loss=3.6614298820495605
Epoch #91: loss=3.639134168624878
Epoch #92: loss=3.6229825019836426
Epoch #93: loss=3.0514118671417236
Epoch #94: loss=3.254239320755005
Epoch #95: loss=3.587252378463745
Epoch #96: loss=3.588650703430176
Epoch #97: loss=3.667515754699707
Epoch #98: loss=3.500584840774536
Epoch #99: loss=3.42729115486145
Epoch #100: loss=3.6009693145751953
Epoch #101: loss=3.6725125312805176
Epoch #102: loss=3.6056599617004395
Epoch #103: loss=3.5666346549987793
Epoch #104: loss=3.576246976852417
Epoch #105: loss=3.6543989181518555
Epoch #106: loss=3.6172521114349365
Epoch #107: loss=3.103156566619873
Epoch #108: loss=3.6426565647125244
Epoch #109: loss=3.2441811561584473
Epoch #110: loss=3.313608169555664
Epoch #111: loss=3.330968141555786
Epoch #112: loss=2.685702085494995
Epoch #113: loss=3.5905721187591553
Epoch #114: loss=3.4352283477783203
Epoch #115: loss=2.958198308944702
Epoch #116: loss=3.491917848587036
Epoch #117: loss=3.1093592643737793
Epoch #118: loss=3.5934252738952637
Epoch #119: loss=3.6136627197265625
Epoch #120: loss=3.5307815074920654
Epoch #121: loss=3.6685962677001953
Epoch #122: loss=3.6490559577941895
Epoch #123: loss=3.6776950359344482
Epoch #124: loss=3.408843755722046
Epoch #125: loss=3.2896077632904053
Epoch #126: loss=3.6261072158813477
Epoch #127: loss=3.158569097518921
Epoch #128: loss=3.676196575164795
Epoch #129: loss=3.478649616241455
Epoch #130: loss=3.2039685249328613
Epoch #131: loss=3.386378288269043
Epoch #132: loss=3.2192020416259766
Epoch #133: loss=3.6513333320617676
Epoch #134: loss=2.8499269485473633
Epoch #135: loss=3.573498249053955
Epoch #136: loss=3.0709164142608643
Epoch #137: loss=3.5778918266296387
Epoch #138: loss=3.6181156635284424
Epoch #139: loss=2.8972091674804688
Epoch #140: loss=3.6017158031463623
Epoch #141: loss=3.5557808876037598
Epoch #142: loss=3.676422595977783
Epoch #143: loss=3.343170166015625
Epoch #144: loss=3.262056827545166
Epoch #145: loss=3.564147710800171
Epoch #146: loss=3.6676464080810547
Epoch #147: loss=3.4211690425872803
Epoch #148: loss=3.0931010246276855
Epoch #149: loss=2.977050542831421
Epoch #150: loss=3.7041432857513428
Epoch #151: loss=3.268435001373291
Epoch #152: loss=3.5261664390563965
Epoch #153: loss=3.4839351177215576
Epoch #154: loss=3.462738513946533
Epoch #155: loss=3.6413841247558594
Epoch #156: loss=3.559354305267334
Epoch #157: loss=3.6176257133483887
Epoch #158: loss=3.406027317047119
Epoch #159: loss=3.6540169715881348
Epoch #160: loss=3.575714111328125
Epoch #161: loss=3.6664304733276367
Epoch #162: loss=3.639662027359009
Epoch #163: loss=3.333906650543213
Epoch #164: loss=3.22845721244812
Epoch #165: loss=3.6956520080566406
Epoch #166: loss=3.40058970451355
Epoch #167: loss=3.611246347427368
Epoch #168: loss=3.7005438804626465
Epoch #169: loss=3.150028944015503
Epoch #170: loss=3.5802524089813232
Epoch #171: loss=3.688694953918457
Epoch #172: loss=3.142024040222168
Epoch #173: loss=3.5737521648406982
Epoch #174: loss=3.2114248275756836
Epoch #175: loss=3.2283737659454346
Epoch #176: loss=3.6473910808563232
Epoch #177: loss=3.2988388538360596
Epoch #178: loss=2.5672733783721924
Epoch #179: loss=3.404897451400757
Epoch #180: loss=3.636770486831665
Epoch #181: loss=3.3955116271972656
Epoch #182: loss=3.440371513366699
Epoch #183: loss=3.3921315670013428
Epoch #184: loss=3.421529769897461
Epoch #185: loss=3.4000401496887207
Epoch #186: loss=3.036365270614624
Epoch #187: loss=2.9111688137054443
Epoch #188: loss=3.399843215942383
Epoch #189: loss=3.578521251678467
Epoch #190: loss=2.3164565563201904
Epoch #191: loss=3.701166868209839
Epoch #192: loss=3.3441097736358643
Epoch #193: loss=3.6665163040161133
Epoch #194: loss=3.250396728515625
Epoch #195: loss=3.313709020614624
Epoch #196: loss=3.486448287963867
Epoch #197: loss=3.0792455673217773
Epoch #198: loss=3.5689005851745605
Epoch #199: loss=3.484553575515747
Dataset: ETTh1
Arguments: Namespace(batch_size=8, dataset='ETTh1', epochs=200, eval=False, gpu=0, irregular=0, iters=None, loader='forecast_csv', lr=0.001, max_threads=None, max_train_length=3000, output_dir='./output/', repr_dims=320, save_every=None, seed=None, train_model_name='etth1.pdparams')
Loading data... done
./output/
Epoch #0: loss=19.96660614013672
Epoch #1: loss=9.918299674987793
Epoch #2: loss=7.082764148712158
Epoch #3: loss=7.841603755950928
Epoch #4: loss=5.04774808883667
Epoch #5: loss=4.6055145263671875
Epoch #6: loss=3.3969926834106445
Epoch #7: loss=3.822909355163574
Epoch #8: loss=3.531768798828125
Epoch #9: loss=2.948357582092285
Epoch #10: loss=2.9849300384521484
Epoch #11: loss=2.740400552749634
Epoch #12: loss=3.2135255336761475
Epoch #13: loss=3.297872304916382
Epoch #14: loss=2.9063479900360107
Epoch #15: loss=3.0278327465057373
Epoch #16: loss=3.066713333129883
Epoch #17: loss=2.885582685470581
Epoch #18: loss=2.9768331050872803
Epoch #19: loss=3.029186248779297
Epoch #20: loss=2.48911190032959
Epoch #21: loss=2.9200382232666016
Epoch #22: loss=2.8637797832489014
Epoch #23: loss=2.6842167377471924
Epoch #24: loss=2.4514236450195312
Epoch #25: loss=2.9002177715301514
Epoch #26: loss=2.325486660003662
Epoch #27: loss=2.8934624195098877
Epoch #28: loss=2.890082836151123
Epoch #29: loss=2.925520658493042
Epoch #30: loss=2.4573915004730225
Epoch #31: loss=2.841158628463745
Epoch #32: loss=2.8129467964172363
Epoch #33: loss=2.8230338096618652
Epoch #34: loss=2.580150604248047
Epoch #35: loss=2.273883104324341
Epoch #36: loss=2.834097385406494
Epoch #37: loss=2.7879557609558105
Epoch #38: loss=2.8930139541625977
Epoch #39: loss=2.81843900680542
Epoch #40: loss=2.797173500061035
Epoch #41: loss=2.846710681915283
Epoch #42: loss=2.803809881210327
Epoch #43: loss=2.82504940032959
Epoch #44: loss=2.8013691902160645
Epoch #45: loss=2.6565208435058594
Epoch #46: loss=2.864225149154663
Epoch #47: loss=2.881260395050049
Epoch #48: loss=2.7212352752685547
Epoch #49: loss=2.6575400829315186
Epoch #50: loss=2.7705535888671875
Epoch #51: loss=2.885051727294922
Epoch #52: loss=2.5351855754852295
Epoch #53: loss=2.6525275707244873
Epoch #54: loss=2.6120660305023193
Epoch #55: loss=2.7698991298675537
Epoch #56: loss=2.8620734214782715
Epoch #57: loss=2.5238378047943115
Epoch #58: loss=2.76560378074646
Epoch #59: loss=2.8805885314941406
Epoch #60: loss=2.6103508472442627
Epoch #61: loss=2.572988271713257
Epoch #62: loss=2.7423503398895264
Epoch #63: loss=2.5970678329467773
Epoch #64: loss=2.689478635787964
Epoch #65: loss=2.737572431564331
Epoch #66: loss=2.570148468017578
Epoch #67: loss=2.886524200439453
Epoch #68: loss=2.872861623764038
Epoch #69: loss=2.8272147178649902
Epoch #70: loss=2.497232437133789
Epoch #71: loss=2.4895741939544678
Epoch #72: loss=2.8347275257110596
Epoch #73: loss=2.798435926437378
Epoch #74: loss=1.6833819150924683
Epoch #75: loss=2.6697323322296143
Epoch #76: loss=2.2167015075683594
Epoch #77: loss=2.7826173305511475
Epoch #78: loss=2.6233508586883545
Epoch #79: loss=2.78708815574646
Epoch #80: loss=2.518125295639038
Epoch #81: loss=2.408735752105713
Epoch #82: loss=2.4474589824676514
Epoch #83: loss=2.805969715118408
Epoch #84: loss=2.753603458404541
Epoch #85: loss=1.6961930990219116
Epoch #86: loss=2.8681507110595703
Epoch #87: loss=2.8179304599761963
Epoch #88: loss=2.8686015605926514
Epoch #89: loss=2.5923995971679688
Epoch #90: loss=2.6588361263275146
Epoch #91: loss=2.815816640853882
Epoch #92: loss=2.866912364959717
Epoch #93: loss=1.8588273525238037
Epoch #94: loss=2.7331552505493164
Epoch #95: loss=2.8515214920043945
Epoch #96: loss=2.57991099357605
Epoch #97: loss=2.7535674571990967
Epoch #98: loss=2.847252607345581
Epoch #99: loss=2.3087775707244873
Epoch #100: loss=2.0485055446624756
Epoch #101: loss=2.756525993347168
Epoch #102: loss=2.7340447902679443
Epoch #103: loss=2.7920901775360107
Epoch #104: loss=2.6691219806671143
Epoch #105: loss=2.8023624420166016
Epoch #106: loss=2.8341643810272217
Epoch #107: loss=2.6373603343963623
Epoch #108: loss=2.8100147247314453
Epoch #109: loss=2.5639846324920654
Epoch #110: loss=2.827903985977173
Epoch #111: loss=2.8284358978271484
Epoch #112: loss=2.7512898445129395
Epoch #113: loss=2.434112310409546
Epoch #114: loss=2.6762213706970215
Epoch #115: loss=2.4574882984161377
Epoch #116: loss=2.8664710521698
Epoch #117: loss=2.656904935836792
Epoch #118: loss=2.4087953567504883
Epoch #119: loss=2.7628185749053955
Epoch #120: loss=2.7831039428710938
Epoch #121: loss=2.3094027042388916
Epoch #122: loss=2.7486321926116943
Epoch #123: loss=2.4632091522216797
Epoch #124: loss=1.9449647665023804
Epoch #125: loss=2.4034130573272705
Epoch #126: loss=2.2753005027770996
Epoch #127: loss=2.4538869857788086
Epoch #128: loss=2.6970224380493164
Epoch #129: loss=2.852071762084961
Epoch #130: loss=2.744917869567871
Epoch #131: loss=2.6459617614746094
Epoch #132: loss=1.8849823474884033
Epoch #133: loss=2.261500597000122
Epoch #134: loss=2.7867536544799805
Epoch #135: loss=2.8148906230926514
Epoch #136: loss=2.5660035610198975
Epoch #137: loss=2.8517098426818848
Epoch #138: loss=2.6158666610717773
Epoch #139: loss=2.472275495529175
Epoch #140: loss=2.78808856010437
Epoch #141: loss=2.494274616241455
Epoch #142: loss=2.8703317642211914
Epoch #143: loss=2.8515639305114746
Epoch #144: loss=2.808809757232666
Epoch #145: loss=2.7844300270080566
Epoch #146: loss=2.5828511714935303
Epoch #147: loss=2.6438968181610107
Epoch #148: loss=2.822067975997925
Epoch #149: loss=2.8634066581726074
Epoch #150: loss=2.6454520225524902
Epoch #151: loss=2.842252254486084
Epoch #152: loss=2.798281192779541
Epoch #153: loss=2.830143928527832
Epoch #154: loss=2.5050415992736816
Epoch #155: loss=2.801135778427124
Epoch #156: loss=2.288874626159668
Epoch #157: loss=2.824753761291504
Epoch #158: loss=2.8233697414398193
Epoch #159: loss=2.778700828552246
Epoch #160: loss=2.2909281253814697
Epoch #161: loss=2.7394485473632812
Epoch #162: loss=2.8180205821990967
Epoch #163: loss=2.6465647220611572
Epoch #164: loss=2.3293144702911377
Epoch #165: loss=2.762524366378784
Epoch #166: loss=2.8377933502197266
Epoch #167: loss=2.866307020187378
Epoch #168: loss=2.8594415187835693
Epoch #169: loss=2.1449875831604004
Epoch #170: loss=2.620312452316284
Epoch #171: loss=2.667900800704956
Epoch #172: loss=2.6786224842071533
Epoch #173: loss=2.8398654460906982
Epoch #174: loss=2.8469605445861816
Epoch #175: loss=2.8375766277313232
Epoch #176: loss=2.667553663253784
Epoch #177: loss=2.8385894298553467
Epoch #178: loss=2.5668296813964844
Epoch #179: loss=2.823625087738037
Epoch #180: loss=1.8451217412948608
Epoch #181: loss=2.747845411300659
Epoch #182: loss=2.622826099395752
Epoch #183: loss=2.8336334228515625
Epoch #184: loss=2.4886767864227295
Epoch #185: loss=2.848663806915283
Epoch #186: loss=2.777622699737549
Epoch #187: loss=2.6556904315948486
Epoch #188: loss=2.7550885677337646
Epoch #189: loss=2.6586194038391113
Epoch #190: loss=2.401545524597168
Epoch #191: loss=2.7282700538635254
Epoch #192: loss=2.573253870010376
Epoch #193: loss=2.7967681884765625
Epoch #194: loss=2.798924207687378
Epoch #195: loss=2.324369192123413
Epoch #196: loss=2.8253746032714844
Epoch #197: loss=2.695362091064453
Epoch #198: loss=2.332848072052002
Epoch #199: loss=2.666464328765869
Dataset: ETTm1
Arguments: Namespace(batch_size=8, dataset='ETTm1', epochs=200, eval=False, gpu=0, irregular=0, iters=None, loader='forecast_csv', lr=0.001, max_threads=None, max_train_length=3000, output_dir='./output/', repr_dims=320, save_every=None, seed=None, train_model_name='ettm1.pdparams')
Loading data... done
./output/
Epoch #0: loss=20.329721450805664
Epoch #1: loss=13.730610847473145
Epoch #2: loss=9.678060531616211
Epoch #3: loss=8.002530097961426
Epoch #4: loss=6.62122106552124
Epoch #5: loss=5.505979537963867
Epoch #6: loss=4.67587423324585
Epoch #7: loss=4.360592842102051
Epoch #8: loss=4.396615982055664
Epoch #9: loss=3.391084671020508
Epoch #10: loss=3.8029496669769287
Epoch #11: loss=3.8102569580078125
Epoch #12: loss=3.773022413253784
Epoch #13: loss=3.8632922172546387
Epoch #14: loss=3.814329147338867
Epoch #15: loss=3.793267011642456
Epoch #16: loss=3.225661516189575
Epoch #17: loss=3.7407138347625732
Epoch #18: loss=3.5793263912200928
Epoch #19: loss=3.5454235076904297
Epoch #20: loss=3.5563063621520996
Epoch #21: loss=3.6863532066345215
Epoch #22: loss=3.7274434566497803
Epoch #23: loss=3.1553549766540527
Epoch #24: loss=3.4965713024139404
Epoch #25: loss=3.727368116378784
Epoch #26: loss=3.5758798122406006
Epoch #27: loss=3.5497143268585205
Epoch #28: loss=3.3048436641693115
Epoch #29: loss=3.648585319519043
Epoch #30: loss=3.1817541122436523
Epoch #31: loss=3.6191558837890625
Epoch #32: loss=3.5200066566467285
Epoch #33: loss=3.6858479976654053
Epoch #34: loss=3.656444549560547
Epoch #35: loss=3.6096065044403076
Epoch #36: loss=3.5165817737579346
Epoch #37: loss=3.2905309200286865
Epoch #38: loss=3.6983773708343506
Epoch #39: loss=3.5293262004852295
Epoch #40: loss=3.6420552730560303
Epoch #41: loss=3.5407462120056152
Epoch #42: loss=3.5057716369628906
Epoch #43: loss=3.5109832286834717
Epoch #44: loss=3.4331862926483154
Epoch #45: loss=3.62556791305542
Epoch #46: loss=3.4998204708099365
Epoch #47: loss=3.642610549926758
Epoch #48: loss=3.397512674331665
Epoch #49: loss=3.541783571243286
Epoch #50: loss=3.579710006713867
Epoch #51: loss=3.4431869983673096
Epoch #52: loss=3.3560147285461426
Epoch #53: loss=2.6138205528259277
Epoch #54: loss=3.680650472640991
Epoch #55: loss=2.927501916885376
Epoch #56: loss=3.697617292404175
Epoch #57: loss=3.6199774742126465
Epoch #58: loss=3.660740375518799
Epoch #59: loss=3.124945878982544
Epoch #60: loss=3.611567258834839
Epoch #61: loss=3.5318105220794678
Epoch #62: loss=3.5647244453430176
Epoch #63: loss=3.5340576171875
Epoch #64: loss=3.4846792221069336
Epoch #65: loss=3.6657443046569824
Epoch #66: loss=3.6789402961730957
Epoch #67: loss=3.0907974243164062
Epoch #68: loss=3.3389687538146973
Epoch #69: loss=3.630216121673584
Epoch #70: loss=3.239082098007202
Epoch #71: loss=3.233971357345581
Epoch #72: loss=3.3207828998565674
Epoch #73: loss=3.699436902999878
Epoch #74: loss=2.9316365718841553
Epoch #75: loss=3.699582815170288
Epoch #76: loss=3.6043105125427246
Epoch #77: loss=3.433218240737915
Epoch #78: loss=3.654883861541748
Epoch #79: loss=2.874744176864624
Epoch #80: loss=3.5368521213531494
Epoch #81: loss=3.5913784503936768
Epoch #82: loss=3.6592190265655518
Epoch #83: loss=3.4473609924316406
Epoch #84: loss=3.5225789546966553
Epoch #85: loss=3.320625066757202
Epoch #86: loss=3.0913898944854736
Epoch #87: loss=3.631661891937256
Epoch #88: loss=3.401685953140259
Epoch #89: loss=3.218562364578247
Epoch #90: loss=3.530306100845337
Epoch #91: loss=3.569629192352295
Epoch #92: loss=3.6638269424438477
Epoch #93: loss=3.656184673309326
Epoch #94: loss=3.3019700050354004
Epoch #95: loss=3.464756727218628
Epoch #96: loss=3.6734044551849365
Epoch #97: loss=3.5911874771118164
Epoch #98: loss=3.527259588241577
Epoch #99: loss=3.3480324745178223
Epoch #100: loss=3.6804425716400146
Epoch #101: loss=3.5591444969177246
Epoch #102: loss=3.6621031761169434
Epoch #103: loss=3.451460838317871
Epoch #104: loss=3.5798420906066895
Epoch #105: loss=2.5606601238250732
Epoch #106: loss=2.5874509811401367
Epoch #107: loss=3.588050603866577
Epoch #108: loss=3.465996265411377
Epoch #109: loss=3.4284865856170654
Epoch #110: loss=3.3506314754486084
Epoch #111: loss=2.532869815826416
Epoch #112: loss=3.435650587081909
Epoch #113: loss=3.531031608581543
Epoch #114: loss=3.4016759395599365
Epoch #115: loss=3.5158557891845703
Epoch #116: loss=3.6307425498962402
Epoch #117: loss=3.4523417949676514
Epoch #118: loss=3.588087797164917
Epoch #119: loss=3.332601547241211
Epoch #120: loss=3.691061019897461
Epoch #121: loss=3.4522154331207275
Epoch #122: loss=3.403655529022217
Epoch #123: loss=3.320014715194702
Epoch #124: loss=3.577414035797119
Epoch #125: loss=3.689478635787964
Epoch #126: loss=3.5121073722839355
Epoch #127: loss=3.7015633583068848
Epoch #128: loss=3.315034866333008
Epoch #129: loss=2.965690851211548
Epoch #130: loss=3.565159559249878
Epoch #131: loss=3.0412349700927734
Epoch #132: loss=2.8671321868896484
Epoch #133: loss=2.7072336673736572
Epoch #134: loss=3.210505723953247
Epoch #135: loss=3.6862666606903076
Epoch #136: loss=3.6664352416992188
Epoch #137: loss=2.8863911628723145
Epoch #138: loss=2.963378429412842
Epoch #139: loss=3.5106201171875
Epoch #140: loss=3.4279332160949707
Epoch #141: loss=3.666269302368164
Epoch #142: loss=3.129866123199463
Epoch #143: loss=3.6001901626586914
Epoch #144: loss=3.508693218231201
Epoch #145: loss=2.7563703060150146
Epoch #146: loss=3.5892155170440674
Epoch #147: loss=3.689087390899658
Epoch #148: loss=3.455993413925171
Epoch #149: loss=3.6466922760009766
Epoch #150: loss=3.4829330444335938
Epoch #151: loss=3.603551149368286
Epoch #152: loss=3.6517131328582764
Epoch #153: loss=3.617577314376831
Epoch #154: loss=3.64190673828125
Epoch #155: loss=3.4123380184173584
Epoch #156: loss=3.6546430587768555
Epoch #157: loss=3.5887629985809326
Epoch #158: loss=3.425116539001465
Epoch #159: loss=3.674161434173584
Epoch #160: loss=3.3069100379943848
Epoch #161: loss=3.4903082847595215
Epoch #162: loss=2.9480812549591064
Epoch #163: loss=3.508552074432373
Epoch #164: loss=3.299323081970215
Epoch #165: loss=3.3951404094696045
Epoch #166: loss=3.4963366985321045
Epoch #167: loss=3.686535596847534
Epoch #168: loss=3.5996031761169434
Epoch #169: loss=3.6172397136688232
Epoch #170: loss=3.612060546875
Epoch #171: loss=3.554213285446167
Epoch #172: loss=3.701723575592041
Epoch #173: loss=3.6665332317352295
Epoch #174: loss=3.4599533081054688
Epoch #175: loss=3.422555685043335
Epoch #176: loss=3.382563352584839
Epoch #177: loss=3.400347948074341
Epoch #178: loss=3.033006191253662
Epoch #179: loss=3.6187100410461426
Epoch #180: loss=3.4938430786132812
Epoch #181: loss=3.1143906116485596
Epoch #182: loss=3.2492058277130127
Epoch #183: loss=3.2838690280914307
Epoch #184: loss=3.2683944702148438
Epoch #185: loss=3.6389448642730713
Epoch #186: loss=3.6935911178588867
Epoch #187: loss=3.5705525875091553
Epoch #188: loss=3.6420438289642334
Epoch #189: loss=3.325726270675659
Epoch #190: loss=3.5626587867736816
Epoch #191: loss=3.3852505683898926
Epoch #192: loss=3.0299651622772217
Epoch #193: loss=3.4931700229644775
Epoch #194: loss=3.6531190872192383
Epoch #195: loss=3.6678073406219482
Epoch #196: loss=3.661362886428833
Epoch #197: loss=3.203444242477417
Epoch #198: loss=3.6651058197021484
Epoch #199: loss=3.2481956481933594
